 
****************************************
Report : area
Design : temporal_mxu
Version: J-2014.09-SP4
Date   : Fri Oct 29 14:27:49 2021
****************************************

Information: Updating design information... (UID-85)
Warning: Design 'temporal_mxu' contains 1 high-fanout nets. A fanout number of 1000 will be used for delay calculations involving these nets. (TIM-134)
Library(s) Used:

    NangateOpenCellLibrary (File: /afs/ece.cmu.edu/usr/ayli1/Private/joemabertli/Synth/NangateOpenCellLibrary_typical_ccs.db)

Number of ports:                         8196
Number of nets:                         16923
Number of cells:                         8471
Number of combinational cells:           4358
Number of sequential cells:              4113
Number of macros/black boxes:               0
Number of buf/inv:                          0
Number of references:                       8

Combinational area:               3549.503913
Buf/Inv area:                        0.000000
Noncombinational area:           18527.431328
Macro/Black Box area:                0.000000
Net Interconnect area:      undefined  (Wire load has zero net area)

Total cell area:                 22076.935241
Total area:                 undefined

Information: This design contains black box (unknown) components. (RPT-8)
1
